<?xml version="1.0" encoding="UTF-8"?>
<!-- Generated by org.testng.reporters.JUnitReportReporter -->
<testsuite hostname="W5CG9258XBF" failures="0" tests="1" name="testPackage.TestVagrant" time="18.524" errors="0" timestamp="2022-10-31T10:27:29 IST" skipped="0">
  <testcase classname="testPackage.TestVagrant" name="movieDetailValidationin" time="18.524"/>
  <system-out/>
</testsuite> <!-- testPackage.TestVagrant -->
