<?xml version="1.0" encoding="UTF-8"?>
<!-- Generated by org.testng.reporters.JUnitReportReporter -->
<testsuite hostname="W5CG9258XBF" failures="0" tests="1" name="utilitiesPackage.BaseTest" time="3.031" errors="0" timestamp="2022-10-28T08:23:01 IST" skipped="0">
  <testcase classname="utilitiesPackage.BaseTest" name="shouldAnswerWithTrue" time="3.031"/>
  <system-out/>
</testsuite> <!-- utilitiesPackage.BaseTest -->
