<?xml version="1.0" encoding="UTF-8"?>
<!-- Generated by org.testng.reporters.JUnitReportReporter -->
<testsuite hostname="W5CG9258XBF" failures="0" tests="1" name="test.test.AppTest" time="3.982" errors="0" timestamp="2022-10-27T23:07:21 IST" skipped="0">
  <testcase classname="test.test.AppTest" name="shouldAnswerWithTrue" time="3.982"/>
  <system-out/>
</testsuite> <!-- test.test.AppTest -->
