<?xml version="1.0" encoding="UTF-8"?>
<!-- Generated by org.testng.reporters.JUnitReportReporter -->
<testsuite hostname="W5CG9258XBF" failures="0" tests="1" name="testPackage.TestVagrant" time="25.594" errors="0" timestamp="2022-10-31T10:14:27 IST" skipped="0">
  <testcase classname="testPackage.TestVagrant" name="movieDetailValidationin" time="25.594"/>
  <system-out/>
</testsuite> <!-- testPackage.TestVagrant -->
